2018-11-18 15:28:47,204 - BrowserEngine - INFO - Starting Chrome browser.
2018-11-18 15:29:12,198 - BrowserEngine - INFO - Open url: http://asset-daily.ycd360.cn
2018-11-18 15:29:13,353 - BrowserEngine - INFO - Maximize the current window.
2018-11-18 15:29:13,355 - BrowserEngine - INFO - Set implicitly wait 10 seconds.
2018-11-18 15:29:13,714 - FunctionLibrary - INFO - Had find the element successful by xpath via value: //*[@id='app']/div/div/form/div[1]/div/div/input 
2018-11-18 15:29:13,848 - FunctionLibrary - INFO - Had type ' 18519030808 ' in inputBox
2018-11-18 15:29:13,870 - FunctionLibrary - INFO - Had find the element successful by xpath via value: //*[@id='app']/div/div/form/div[2]/div/div/input 
2018-11-18 15:29:13,969 - FunctionLibrary - INFO - Had type ' asdf1234 ' in inputBox
2018-11-18 15:29:13,990 - FunctionLibrary - INFO - Had find the element successful by xpath via value: //*[@id='app']/div/div/form/div[3]/button 
2018-11-18 15:29:14,108 - FunctionLibrary - INFO - The element ' 登 录 ' was clicked.
2018-11-18 15:29:19,109 - FunctionLibrary - INFO - Sleep for 5 seconds
2018-11-18 15:29:19,453 - FunctionLibrary - INFO - Had find the element successful by xpath via value: //*[@id='app']/div/div[1]/div[3]/div[3]/div/span 
2018-11-18 15:29:19,542 - FunctionLibrary - INFO - The element ' 管理员 ' was clicked.
2018-11-18 15:29:19,714 - FunctionLibrary - INFO - The element ' 营业部 ' was clicked.
2018-11-18 15:29:22,714 - FunctionLibrary - INFO - Sleep for 3 seconds
2018-11-18 15:29:22,758 - FunctionLibrary - INFO - Had find the element successful by xpath via value: //*[@id='app']/div/div[2]/ul/li[5] 
2018-11-18 15:29:22,856 - FunctionLibrary - INFO - The element ' 新增进件 ' was clicked.
2018-11-18 15:29:22,941 - FunctionLibrary - INFO - Had find the element successful by xpath via value: //*[@id='app']/div/div[3]/div/div/div[3]/div[1]/form/div[1]/div/div/div/div/div[1]/input 
2018-11-18 15:29:23,093 - FunctionLibrary - INFO - The element '  ' was clicked.
2018-11-18 15:29:23,230 - FunctionLibrary - INFO - The element ' 联合信用贷 ' was clicked.
2018-11-18 15:29:25,230 - FunctionLibrary - INFO - Sleep for 2 seconds
2018-11-18 15:29:25,273 - FunctionLibrary - INFO - Had find the element successful by xpath via value: //*[@id='app']/div/div[3]/div/div/div[3]/div[1]/form/div[2]/div/div[1]/input 
2018-11-18 15:29:25,622 - FunctionLibrary - INFO - Had type ' 19906618517 ' in inputBox
2018-11-18 15:29:25,645 - FunctionLibrary - INFO - Had find the element successful by xpath via value: //*[@id='app']/div/div[3]/div/div/div[3]/div[1]/form/div[3]/div/div/input 
2018-11-18 15:29:25,809 - FunctionLibrary - INFO - Had type ' 10008 ' in inputBox
2018-11-18 15:29:25,844 - FunctionLibrary - INFO - Had find the element successful by xpath via value: //*[@id='app']/div/div[3]/div/div/div[3]/div[1]/form/div[4]/div/div/div[1]/input 
2018-11-18 15:29:25,974 - FunctionLibrary - INFO - The element '  ' was clicked.
2018-11-18 15:29:26,314 - FunctionLibrary - INFO - The element ' 月 ' was clicked.
2018-11-18 15:29:26,364 - FunctionLibrary - INFO - Had find the element successful by xpath via value: //*[@id='app']/div/div[3]/div/div/div[3]/div[1]/form/div[5]/div/div/div[1]/input 
2018-11-18 15:29:26,491 - FunctionLibrary - INFO - The element '  ' was clicked.
2018-11-18 15:29:26,782 - FunctionLibrary - INFO - The element ' 先息后本 ' was clicked.
2018-11-18 15:29:28,783 - FunctionLibrary - INFO - Sleep for 2 seconds
2018-11-18 15:29:28,827 - FunctionLibrary - INFO - Had find the element successful by xpath via value: //*[@id='app']/div/div[3]/div/div/div[3]/div[1]/form/div[6]/div/div/div[1]/input 
2018-11-18 15:29:28,929 - FunctionLibrary - INFO - The element '  ' was clicked.
2018-11-18 15:29:29,205 - FunctionLibrary - INFO - The element ' 3个月 ' was clicked.
2018-11-18 15:29:29,256 - FunctionLibrary - INFO - Had find the element successful by xpath via value: //*[@id='app']/div/div[3]/div/div/div[3]/div[1]/form/div[7]/div/div/div[1]/input 
2018-11-18 15:29:29,368 - FunctionLibrary - INFO - The element '  ' was clicked.
2018-11-18 15:29:29,569 - FunctionLibrary - INFO - Not found 车抵贷-先息后本-3个月-9% text.
2018-11-18 15:29:29,587 - FunctionLibrary - INFO - Had find the element successful by xpath via value: //*[@id='app']/div/div[3]/div/div/div[3]/div[1]/form/div[8]/div/div/div[1]/input 
2018-11-18 15:29:29,707 - FunctionLibrary - INFO - The element '  ' was clicked.
2018-11-18 15:29:29,989 - FunctionLibrary - INFO - The element ' 业务进件 ' was clicked.
2018-11-18 15:29:30,015 - FunctionLibrary - INFO - Had find the element successful by xpath via value: //*[@id='app']/div/div[3]/div/div/div[3]/div[1]/form/div[9]/div/div/div[1]/input 
2018-11-18 15:29:30,137 - FunctionLibrary - INFO - The element '  ' was clicked.
2018-11-18 15:29:30,412 - FunctionLibrary - INFO - The element ' 短期周转 ' was clicked.
2018-11-18 15:29:30,433 - FunctionLibrary - INFO - Had find the element successful by xpath via value: //*[@id='app']/div/div[3]/div/div/div[3]/div[1]/form/div[10]/div/div[1]/input 
2018-11-18 15:29:30,578 - FunctionLibrary - INFO - Had type ' 客户08 ' in inputBox
2018-11-18 15:29:30,599 - FunctionLibrary - INFO - Had find the element successful by xpath via value: //*[@id='app']/div/div[3]/div/div/div[3]/div[1]/form/div[11]/div/div[1]/input 
2018-11-18 15:29:31,085 - FunctionLibrary - INFO - Had type ' 330154196302024007 ' in inputBox
2018-11-18 15:29:31,118 - FunctionLibrary - INFO - Had find the element successful by xpath via value: //*[@id='app']/div/div[3]/div/div/div[3]/div[1]/form/div[12]/div/div[1]/input 
2018-11-18 15:29:31,312 - FunctionLibrary - INFO - Had type ' 杭州市拱墅区 ' in inputBox
2018-11-18 15:29:31,340 - FunctionLibrary - INFO - Had find the element successful by xpath via value: //*[@id='app']/div/div[3]/div/div/div[3]/div[1]/form/div[13]/div/div[1]/input 
2018-11-18 15:29:31,414 - FunctionLibrary - INFO - Had type ' 汉 ' in inputBox
2018-11-18 15:29:31,439 - FunctionLibrary - INFO - Had find the element successful by xpath via value: //*[@id='app']/div/div[3]/div/div/div[3]/div[1]/form/div[14]/div/div/div[1]/input 
2018-11-18 15:29:31,562 - FunctionLibrary - INFO - The element '  ' was clicked.
2018-11-18 15:29:31,876 - FunctionLibrary - INFO - The element ' 男 ' was clicked.
2018-11-18 15:29:31,905 - FunctionLibrary - INFO - Had find the element successful by xpath via value: //*[@id='app']/div/div[3]/div/div/div[3]/div[1]/form/div[15]/div/div[1]/input 
2018-11-18 15:29:32,075 - FunctionLibrary - INFO - Had type ' 1945-02-02 ' in inputBox
2018-11-18 15:29:32,105 - FunctionLibrary - INFO - Had find the element successful by xpath via value: //*[@id='app']/div/div[3]/div/div/div[3]/div[1]/form/div[17]/div/div/div/button 
2018-11-18 15:29:32,274 - FunctionLibrary - INFO - The element ' 点击上传 ' was clicked.
2018-11-18 15:29:35,872 - FunctionLibrary - INFO - Sleep for 1 seconds
2018-11-18 15:29:35,920 - FunctionLibrary - INFO - Had find the element successful by xpath via value: //*[@id='app']/div/div[3]/div/div/div[3]/div[1]/form/div[18]/div/div/div/button 
2018-11-18 15:29:36,029 - FunctionLibrary - INFO - The element ' 点击上传 ' was clicked.
2018-11-18 15:29:39,753 - FunctionLibrary - INFO - Sleep for 1 seconds
2018-11-18 15:29:39,800 - FunctionLibrary - INFO - Had find the element successful by xpath via value: //*[@id='app']/div/div[3]/div/div/div[1]/div[1]/span 
2018-11-18 15:29:39,899 - FunctionLibrary - INFO - The element ' 新增进件 ' was clicked.
2018-11-18 15:29:41,899 - FunctionLibrary - INFO - Sleep for 2 seconds
2018-11-18 15:29:41,952 - FunctionLibrary - INFO - Had find the element successful by xpath via value: //*[@id='app']/div/div[3]/div/div/div[2]/div[2]/button[2] 
2018-11-18 15:29:42,357 - FunctionLibrary - INFO - [Error]:click--//*[@id='app']/div/div[3]/div/div/div[2]/div[2]/button[2]
