2018-11-18 21:51:29,387 - BrowserEngine - INFO - Starting Chrome browser.
2018-11-18 21:51:55,125 - BrowserEngine - INFO - Open url: http://asset-daily.ycd360.cn
2018-11-18 21:51:56,299 - BrowserEngine - INFO - Maximize the current window.
2018-11-18 21:51:56,302 - BrowserEngine - INFO - Set implicitly wait 10 seconds.
2018-11-18 21:51:56,853 - FunctionLibrary - INFO - Had find the element successful by xpath via value: //*[@id='app']/div/div/form/div[1]/div/div/input 
2018-11-18 21:51:57,065 - FunctionLibrary - INFO - Had type ' 18519030808 ' in inputBox
2018-11-18 21:51:57,091 - FunctionLibrary - INFO - Had find the element successful by xpath via value: //*[@id='app']/div/div/form/div[2]/div/div/input 
2018-11-18 21:51:57,215 - FunctionLibrary - INFO - Had type ' asdf1234 ' in inputBox
2018-11-18 21:51:57,239 - FunctionLibrary - INFO - Had find the element successful by xpath via value: //*[@id='app']/div/div/form/div[3]/button 
2018-11-18 21:51:57,649 - FunctionLibrary - INFO - The element ' 登 录 ' was clicked.
2018-11-18 21:52:02,665 - FunctionLibrary - INFO - Sleep for 5 seconds
2018-11-18 21:52:02,994 - FunctionLibrary - INFO - Had find the element successful by xpath via value: //*[@id='app']/div/div[1]/div[3]/div[3]/div/span 
2018-11-18 21:52:03,228 - FunctionLibrary - INFO - The element ' 管理员 ' was clicked.
2018-11-18 21:52:03,401 - FunctionLibrary - INFO - The element ' 营业部 ' was clicked.
2018-11-18 21:52:06,421 - FunctionLibrary - INFO - Sleep for 3 seconds
2018-11-18 21:52:06,445 - FunctionLibrary - INFO - Had find the element successful by xpath via value: //*[@id='app']/div/div[2]/ul/li[5] 
2018-11-18 21:52:06,535 - FunctionLibrary - INFO - The element ' 新增进件 ' was clicked.
2018-11-18 21:52:06,782 - FunctionLibrary - INFO - Had find the element successful by xpath via value: //*[@id='app']/div/div[3]/div/div/div[3]/div[1]/form/div[1]/div/div/div/div/div[1]/input 
2018-11-18 21:52:06,941 - FunctionLibrary - INFO - The element '  ' was clicked.
2018-11-18 21:52:07,087 - FunctionLibrary - INFO - The element ' 联合信用贷 ' was clicked.
2018-11-18 21:52:09,087 - FunctionLibrary - INFO - Sleep for 2 seconds
2018-11-18 21:52:09,106 - FunctionLibrary - INFO - Had find the element successful by xpath via value: //*[@id='app']/div/div[3]/div/div/div[3]/div[1]/form/div[2]/div/div[1]/input 
2018-11-18 21:52:09,740 - FunctionLibrary - INFO - Had type ' 19906618517 ' in inputBox
2018-11-18 21:52:09,780 - FunctionLibrary - INFO - Had find the element successful by xpath via value: //*[@id='app']/div/div[3]/div/div/div[3]/div[1]/form/div[3]/div/div/input 
2018-11-18 21:52:09,978 - FunctionLibrary - INFO - Had type ' 10008 ' in inputBox
2018-11-18 21:52:10,003 - FunctionLibrary - INFO - Had find the element successful by xpath via value: //*[@id='app']/div/div[3]/div/div/div[3]/div[1]/form/div[4]/div/div/div[1]/input 
2018-11-18 21:52:10,148 - FunctionLibrary - INFO - The element '  ' was clicked.
2018-11-18 21:52:11,369 - FunctionLibrary - INFO - The element ' 月 ' was clicked.
2018-11-18 21:52:11,437 - FunctionLibrary - INFO - Had find the element successful by xpath via value: //*[@id='app']/div/div[3]/div/div/div[3]/div[1]/form/div[5]/div/div/div[1]/input 
2018-11-18 21:52:11,584 - FunctionLibrary - INFO - The element '  ' was clicked.
2018-11-18 21:52:11,918 - FunctionLibrary - INFO - The element ' 先息后本 ' was clicked.
2018-11-18 21:52:13,919 - FunctionLibrary - INFO - Sleep for 2 seconds
2018-11-18 21:52:13,937 - FunctionLibrary - INFO - Had find the element successful by xpath via value: //*[@id='app']/div/div[3]/div/div/div[3]/div[1]/form/div[6]/div/div/div[1]/input 
2018-11-18 21:52:14,054 - FunctionLibrary - INFO - The element '  ' was clicked.
2018-11-18 21:52:14,348 - FunctionLibrary - INFO - The element ' 3个月 ' was clicked.
2018-11-18 21:52:14,413 - FunctionLibrary - INFO - Had find the element successful by xpath via value: //*[@id='app']/div/div[3]/div/div/div[3]/div[1]/form/div[7]/div/div/div[1]/input 
2018-11-18 21:52:14,594 - FunctionLibrary - INFO - The element '  ' was clicked.
2018-11-18 21:52:14,811 - FunctionLibrary - INFO - Not found 车抵贷-先息后本-3个月-9% text.
2018-11-18 21:52:14,834 - FunctionLibrary - INFO - Had find the element successful by xpath via value: //*[@id='app']/div/div[3]/div/div/div[3]/div[1]/form/div[8]/div/div/div[1]/input 
2018-11-18 21:52:14,974 - FunctionLibrary - INFO - The element '  ' was clicked.
2018-11-18 21:52:15,292 - FunctionLibrary - INFO - The element ' 业务进件 ' was clicked.
2018-11-18 21:52:15,331 - FunctionLibrary - INFO - Had find the element successful by xpath via value: //*[@id='app']/div/div[3]/div/div/div[3]/div[1]/form/div[9]/div/div/div[1]/input 
2018-11-18 21:52:15,470 - FunctionLibrary - INFO - The element '  ' was clicked.
2018-11-18 21:52:15,788 - FunctionLibrary - INFO - The element ' 短期周转 ' was clicked.
2018-11-18 21:52:15,818 - FunctionLibrary - INFO - Had find the element successful by xpath via value: //*[@id='app']/div/div[3]/div/div/div[3]/div[1]/form/div[10]/div/div[1]/input 
2018-11-18 21:52:16,019 - FunctionLibrary - INFO - Had type ' 客户08 ' in inputBox
2018-11-18 21:52:16,048 - FunctionLibrary - INFO - Had find the element successful by xpath via value: //*[@id='app']/div/div[3]/div/div/div[3]/div[1]/form/div[11]/div/div[1]/input 
2018-11-18 21:52:16,563 - FunctionLibrary - INFO - Had type ' 330154196302024007 ' in inputBox
2018-11-18 21:52:16,596 - FunctionLibrary - INFO - Had find the element successful by xpath via value: //*[@id='app']/div/div[3]/div/div/div[3]/div[1]/form/div[12]/div/div[1]/input 
2018-11-18 21:52:16,809 - FunctionLibrary - INFO - Had type ' 杭州市拱墅区 ' in inputBox
2018-11-18 21:52:16,835 - FunctionLibrary - INFO - Had find the element successful by xpath via value: //*[@id='app']/div/div[3]/div/div/div[3]/div[1]/form/div[13]/div/div[1]/input 
2018-11-18 21:52:16,932 - FunctionLibrary - INFO - Had type ' 汉 ' in inputBox
2018-11-18 21:52:16,983 - FunctionLibrary - INFO - Had find the element successful by xpath via value: //*[@id='app']/div/div[3]/div/div/div[3]/div[1]/form/div[14]/div/div/div[1]/input 
2018-11-18 21:52:17,120 - FunctionLibrary - INFO - The element '  ' was clicked.
2018-11-18 21:52:17,436 - FunctionLibrary - INFO - The element ' 男 ' was clicked.
2018-11-18 21:52:17,468 - FunctionLibrary - INFO - Had find the element successful by xpath via value: //*[@id='app']/div/div[3]/div/div/div[3]/div[1]/form/div[15]/div/div[1]/input 
2018-11-18 21:52:17,688 - FunctionLibrary - INFO - Had type ' 1945-02-02 ' in inputBox
2018-11-18 21:52:17,718 - FunctionLibrary - INFO - Had find the element successful by xpath via value: //*[@id='app']/div/div[3]/div/div/div[3]/div[1]/form/div[17]/div/div/div/button 
2018-11-18 21:52:17,952 - FunctionLibrary - INFO - The element ' 点击上传 ' was clicked.
2018-11-18 21:52:29,149 - FunctionLibrary - INFO - Sleep for 1 seconds
2018-11-18 21:52:29,169 - FunctionLibrary - INFO - Had find the element successful by xpath via value: //*[@id='app']/div/div[3]/div/div/div[3]/div[1]/form/div[18]/div/div/div/button 
2018-11-18 21:52:29,282 - FunctionLibrary - INFO - The element ' 点击上传 ' was clicked.
2018-11-18 21:52:33,079 - FunctionLibrary - INFO - Sleep for 1 seconds
2018-11-18 21:52:33,103 - FunctionLibrary - INFO - Had find the element successful by xpath via value: //*[@id='app']/div/div[3]/div/div/div[1]/div[1]/span 
2018-11-18 21:52:33,222 - FunctionLibrary - INFO - The element ' 新增进件 ' was clicked.
2018-11-18 21:52:35,223 - FunctionLibrary - INFO - Sleep for 2 seconds
2018-11-18 21:52:35,244 - FunctionLibrary - INFO - Had find the element successful by xpath via value: //*[@id='app']/div/div[3]/div/div/div[2]/div[2]/button[2] 
2018-11-18 21:52:37,845 - FunctionLibrary - INFO - [Error]:click--//*[@id='app']/div/div[3]/div/div/div[2]/div[2]/button[2]
