2018-11-18 21:54:35,188 - BrowserEngine - INFO - Starting Chrome browser.
2018-11-18 21:54:58,057 - BrowserEngine - INFO - Open url: http://asset-daily.ycd360.cn
2018-11-18 21:54:59,188 - BrowserEngine - INFO - Maximize the current window.
2018-11-18 21:54:59,190 - BrowserEngine - INFO - Set implicitly wait 10 seconds.
2018-11-18 21:54:59,763 - FunctionLibrary - INFO - Had find the element successful by xpath via value: //*[@id='app']/div/div/form/div[1]/div/div/input 
2018-11-18 21:54:59,912 - FunctionLibrary - INFO - Had type ' 18519030808 ' in inputBox
2018-11-18 21:54:59,938 - FunctionLibrary - INFO - Had find the element successful by xpath via value: //*[@id='app']/div/div/form/div[2]/div/div/input 
2018-11-18 21:55:00,058 - FunctionLibrary - INFO - Had type ' asdf1234 ' in inputBox
2018-11-18 21:55:00,080 - FunctionLibrary - INFO - Had find the element successful by xpath via value: //*[@id='app']/div/div/form/div[3]/button 
2018-11-18 21:55:00,222 - FunctionLibrary - INFO - The element ' 登 录 ' was clicked.
2018-11-18 21:55:05,222 - FunctionLibrary - INFO - Sleep for 5 seconds
2018-11-18 21:55:05,530 - FunctionLibrary - INFO - Had find the element successful by xpath via value: //*[@id='app']/div/div[1]/div[3]/div[3]/div/span 
2018-11-18 21:55:05,790 - FunctionLibrary - INFO - The element ' 管理员 ' was clicked.
2018-11-18 21:55:05,959 - FunctionLibrary - INFO - The element ' 营业部 ' was clicked.
2018-11-18 21:55:08,960 - FunctionLibrary - INFO - Sleep for 3 seconds
2018-11-18 21:55:08,977 - FunctionLibrary - INFO - Had find the element successful by xpath via value: //*[@id='app']/div/div[2]/ul/li[5] 
2018-11-18 21:55:09,067 - FunctionLibrary - INFO - The element ' 新增进件 ' was clicked.
2018-11-18 21:55:09,255 - FunctionLibrary - INFO - Had find the element successful by xpath via value: //*[@id='app']/div/div[3]/div/div/div[3]/div[1]/form/div[1]/div/div/div/div/div[1]/input 
2018-11-18 21:55:09,443 - FunctionLibrary - INFO - The element '  ' was clicked.
2018-11-18 21:55:09,613 - FunctionLibrary - INFO - The element ' 联合信用贷 ' was clicked.
2018-11-18 21:55:11,613 - FunctionLibrary - INFO - Sleep for 2 seconds
2018-11-18 21:55:11,632 - FunctionLibrary - INFO - Had find the element successful by xpath via value: //*[@id='app']/div/div[3]/div/div/div[3]/div[1]/form/div[2]/div/div[1]/input 
2018-11-18 21:55:12,062 - FunctionLibrary - INFO - Had type ' 19906618517 ' in inputBox
2018-11-18 21:55:12,087 - FunctionLibrary - INFO - Had find the element successful by xpath via value: //*[@id='app']/div/div[3]/div/div/div[3]/div[1]/form/div[3]/div/div/input 
2018-11-18 21:55:12,278 - FunctionLibrary - INFO - Had type ' 10008 ' in inputBox
2018-11-18 21:55:12,306 - FunctionLibrary - INFO - Had find the element successful by xpath via value: //*[@id='app']/div/div[3]/div/div/div[3]/div[1]/form/div[4]/div/div/div[1]/input 
2018-11-18 21:55:12,461 - FunctionLibrary - INFO - The element '  ' was clicked.
2018-11-18 21:55:12,855 - FunctionLibrary - INFO - The element ' 月 ' was clicked.
2018-11-18 21:55:12,895 - FunctionLibrary - INFO - Had find the element successful by xpath via value: //*[@id='app']/div/div[3]/div/div/div[3]/div[1]/form/div[5]/div/div/div[1]/input 
2018-11-18 21:55:13,063 - FunctionLibrary - INFO - The element '  ' was clicked.
2018-11-18 21:55:13,395 - FunctionLibrary - INFO - The element ' 先息后本 ' was clicked.
2018-11-18 21:55:15,396 - FunctionLibrary - INFO - Sleep for 2 seconds
2018-11-18 21:55:15,414 - FunctionLibrary - INFO - Had find the element successful by xpath via value: //*[@id='app']/div/div[3]/div/div/div[3]/div[1]/form/div[6]/div/div/div[1]/input 
2018-11-18 21:55:15,534 - FunctionLibrary - INFO - The element '  ' was clicked.
2018-11-18 21:55:15,851 - FunctionLibrary - INFO - The element ' 3个月 ' was clicked.
2018-11-18 21:55:15,912 - FunctionLibrary - INFO - Had find the element successful by xpath via value: //*[@id='app']/div/div[3]/div/div/div[3]/div[1]/form/div[7]/div/div/div[1]/input 
2018-11-18 21:55:16,053 - FunctionLibrary - INFO - The element '  ' was clicked.
2018-11-18 21:55:16,271 - FunctionLibrary - INFO - Not found 车抵贷-先息后本-3个月-9% text.
2018-11-18 21:55:16,293 - FunctionLibrary - INFO - Had find the element successful by xpath via value: //*[@id='app']/div/div[3]/div/div/div[3]/div[1]/form/div[8]/div/div/div[1]/input 
2018-11-18 21:55:16,443 - FunctionLibrary - INFO - The element '  ' was clicked.
2018-11-18 21:55:16,761 - FunctionLibrary - INFO - The element ' 业务进件 ' was clicked.
2018-11-18 21:55:16,796 - FunctionLibrary - INFO - Had find the element successful by xpath via value: //*[@id='app']/div/div[3]/div/div/div[3]/div[1]/form/div[9]/div/div/div[1]/input 
2018-11-18 21:55:16,925 - FunctionLibrary - INFO - The element '  ' was clicked.
2018-11-18 21:55:17,213 - FunctionLibrary - INFO - The element ' 短期周转 ' was clicked.
2018-11-18 21:55:17,239 - FunctionLibrary - INFO - Had find the element successful by xpath via value: //*[@id='app']/div/div[3]/div/div/div[3]/div[1]/form/div[10]/div/div[1]/input 
2018-11-18 21:55:17,420 - FunctionLibrary - INFO - Had type ' 客户08 ' in inputBox
2018-11-18 21:55:17,446 - FunctionLibrary - INFO - Had find the element successful by xpath via value: //*[@id='app']/div/div[3]/div/div/div[3]/div[1]/form/div[11]/div/div[1]/input 
2018-11-18 21:55:17,923 - FunctionLibrary - INFO - Had type ' 330154196302024007 ' in inputBox
2018-11-18 21:55:17,955 - FunctionLibrary - INFO - Had find the element successful by xpath via value: //*[@id='app']/div/div[3]/div/div/div[3]/div[1]/form/div[12]/div/div[1]/input 
2018-11-18 21:55:18,174 - FunctionLibrary - INFO - Had type ' 杭州市拱墅区 ' in inputBox
2018-11-18 21:55:18,201 - FunctionLibrary - INFO - Had find the element successful by xpath via value: //*[@id='app']/div/div[3]/div/div/div[3]/div[1]/form/div[13]/div/div[1]/input 
2018-11-18 21:55:18,290 - FunctionLibrary - INFO - Had type ' 汉 ' in inputBox
2018-11-18 21:55:18,340 - FunctionLibrary - INFO - Had find the element successful by xpath via value: //*[@id='app']/div/div[3]/div/div/div[3]/div[1]/form/div[14]/div/div/div[1]/input 
2018-11-18 21:55:18,477 - FunctionLibrary - INFO - The element '  ' was clicked.
2018-11-18 21:55:18,799 - FunctionLibrary - INFO - The element ' 男 ' was clicked.
2018-11-18 21:55:18,833 - FunctionLibrary - INFO - Had find the element successful by xpath via value: //*[@id='app']/div/div[3]/div/div/div[3]/div[1]/form/div[15]/div/div[1]/input 
2018-11-18 21:55:19,070 - FunctionLibrary - INFO - Had type ' 1945-02-02 ' in inputBox
2018-11-18 21:55:19,095 - FunctionLibrary - INFO - Had find the element successful by xpath via value: //*[@id='app']/div/div[3]/div/div/div[3]/div[1]/form/div[17]/div/div/div/button 
2018-11-18 21:55:19,295 - FunctionLibrary - INFO - The element ' 点击上传 ' was clicked.
2018-11-18 21:55:27,254 - FunctionLibrary - INFO - Sleep for 1 seconds
2018-11-18 21:55:27,276 - FunctionLibrary - INFO - Had find the element successful by xpath via value: //*[@id='app']/div/div[3]/div/div/div[3]/div[1]/form/div[18]/div/div/div/button 
2018-11-18 21:55:27,387 - FunctionLibrary - INFO - The element ' 点击上传 ' was clicked.
2018-11-18 21:55:31,166 - FunctionLibrary - INFO - Sleep for 1 seconds
