2018-12-26 16:30:53,696 - BrowserEngine - INFO - Starting Chrome browser.
2018-12-26 16:30:59,333 - BrowserEngine - INFO - Open url: http://asset-daily.ycd360.cn
2018-12-26 16:31:00,518 - BrowserEngine - INFO - Maximize the current window.
2018-12-26 16:31:00,520 - BrowserEngine - INFO - Set implicitly wait 10 seconds.
2018-12-26 16:31:01,019 - FunctionLibrary - INFO - Had find the element successful by xpath via value: //*[@id='app']/div/div/form/div[1]/div/div/input 
2018-12-26 16:31:01,177 - FunctionLibrary - INFO - Had type ' 18519030808 ' in inputBox
2018-12-26 16:31:01,199 - FunctionLibrary - INFO - Had find the element successful by xpath via value: //*[@id='app']/div/div/form/div[2]/div/div/input 
2018-12-26 16:31:01,304 - FunctionLibrary - INFO - Had type ' asdf1234 ' in inputBox
2018-12-26 16:31:01,325 - FunctionLibrary - INFO - Had find the element successful by xpath via value: //*[@id='app']/div/div/form/div[3]/button 
2018-12-26 16:31:01,427 - FunctionLibrary - INFO - The element ' 登 录 ' was clicked.
2018-12-26 16:31:06,434 - FunctionLibrary - INFO - Sleep for 5 seconds
2018-12-26 16:31:06,735 - FunctionLibrary - INFO - Had find the element successful by xpath via value: //*[@id='app']/div/div[1]/div[3]/div[3]/div/span 
2018-12-26 16:31:06,917 - FunctionLibrary - INFO - The element ' 管理员 ' was clicked.
2018-12-26 16:31:07,029 - FunctionLibrary - INFO - Not found 营业部 text.
2018-12-26 16:31:10,029 - FunctionLibrary - INFO - Sleep for 3 seconds
2018-12-26 16:31:10,047 - FunctionLibrary - INFO - Had find the element successful by xpath via value: //*[@id='app']/div/div[2]/ul/li[5] 
2018-12-26 16:31:10,191 - FunctionLibrary - INFO - The element ' 资产公司管理
账户信息管理 ' was clicked.
2018-12-26 16:31:20,263 - FunctionLibrary - INFO - [Error]:find_element--xpath--//*[@id='app']/div/div[3]/div/div/div[3]/div[1]/form/div[1]/div/div/div/div/div[1]/input
2018-12-26 16:31:20,264 - FunctionLibrary - INFO - [Error]:click--xpath--//*[@id='app']/div/div[3]/div/div/div[3]/div[1]/form/div[1]/div/div/div/div/div[1]/input
