2018-11-18 16:43:26,634 - BrowserEngine - INFO - Starting Chrome browser.
2018-11-18 16:43:55,361 - BrowserEngine - INFO - Open url: http://asset-daily.ycd360.cn
2018-11-18 16:43:56,527 - BrowserEngine - INFO - Maximize the current window.
2018-11-18 16:43:56,542 - BrowserEngine - INFO - Set implicitly wait 10 seconds.
2018-11-18 16:43:57,100 - FunctionLibrary - INFO - Had find the element successful by xpath via value: //*[@id='app']/div/div/form/div[1]/div/div/input 
2018-11-18 16:43:57,548 - FunctionLibrary - INFO - Had type ' 18519030808 ' in inputBox
2018-11-18 16:43:57,570 - FunctionLibrary - INFO - Had find the element successful by xpath via value: //*[@id='app']/div/div/form/div[2]/div/div/input 
2018-11-18 16:43:57,725 - FunctionLibrary - INFO - Had type ' asdf1234 ' in inputBox
2018-11-18 16:43:57,766 - FunctionLibrary - INFO - Had find the element successful by xpath via value: //*[@id='app']/div/div/form/div[3]/button 
2018-11-18 16:43:57,992 - FunctionLibrary - INFO - The element ' 登 录 ' was clicked.
2018-11-18 16:44:02,993 - FunctionLibrary - INFO - Sleep for 5 seconds
2018-11-18 16:44:03,364 - FunctionLibrary - INFO - Had find the element successful by xpath via value: //*[@id='app']/div/div[1]/div[3]/div[3]/div/span 
2018-11-18 16:44:03,574 - FunctionLibrary - INFO - The element ' 管理员 ' was clicked.
2018-11-18 16:44:03,762 - FunctionLibrary - INFO - The element ' 营业部 ' was clicked.
2018-11-18 16:44:06,763 - FunctionLibrary - INFO - Sleep for 3 seconds
2018-11-18 16:44:06,783 - FunctionLibrary - INFO - Had find the element successful by xpath via value: //*[@id='app']/div/div[2]/ul/li[5] 
2018-11-18 16:44:06,880 - FunctionLibrary - INFO - The element ' 新增进件 ' was clicked.
2018-11-18 16:44:07,067 - FunctionLibrary - INFO - Had find the element successful by xpath via value: //*[@id='app']/div/div[3]/div/div/div[3]/div[1]/form/div[1]/div/div/div/div/div[1]/input 
2018-11-18 16:44:07,246 - FunctionLibrary - INFO - The element '  ' was clicked.
2018-11-18 16:44:07,415 - FunctionLibrary - INFO - The element ' 联合信用贷 ' was clicked.
2018-11-18 16:44:09,416 - FunctionLibrary - INFO - Sleep for 2 seconds
2018-11-18 16:44:09,436 - FunctionLibrary - INFO - Had find the element successful by xpath via value: //*[@id='app']/div/div[3]/div/div/div[3]/div[1]/form/div[2]/div/div[1]/input 
2018-11-18 16:44:09,899 - FunctionLibrary - INFO - Had type ' 19906618517 ' in inputBox
2018-11-18 16:44:09,932 - FunctionLibrary - INFO - Had find the element successful by xpath via value: //*[@id='app']/div/div[3]/div/div/div[3]/div[1]/form/div[3]/div/div/input 
2018-11-18 16:44:10,131 - FunctionLibrary - INFO - Had type ' 10008 ' in inputBox
2018-11-18 16:44:10,157 - FunctionLibrary - INFO - Had find the element successful by xpath via value: //*[@id='app']/div/div[3]/div/div/div[3]/div[1]/form/div[4]/div/div/div[1]/input 
2018-11-18 16:44:10,341 - FunctionLibrary - INFO - The element '  ' was clicked.
2018-11-18 16:44:10,763 - FunctionLibrary - INFO - The element ' 月 ' was clicked.
2018-11-18 16:44:10,833 - FunctionLibrary - INFO - Had find the element successful by xpath via value: //*[@id='app']/div/div[3]/div/div/div[3]/div[1]/form/div[5]/div/div/div[1]/input 
2018-11-18 16:44:10,995 - FunctionLibrary - INFO - The element '  ' was clicked.
2018-11-18 16:44:11,337 - FunctionLibrary - INFO - The element ' 先息后本 ' was clicked.
2018-11-18 16:44:13,339 - FunctionLibrary - INFO - Sleep for 2 seconds
2018-11-18 16:44:13,358 - FunctionLibrary - INFO - Had find the element successful by xpath via value: //*[@id='app']/div/div[3]/div/div/div[3]/div[1]/form/div[6]/div/div/div[1]/input 
2018-11-18 16:44:13,475 - FunctionLibrary - INFO - The element '  ' was clicked.
2018-11-18 16:44:13,797 - FunctionLibrary - INFO - The element ' 3个月 ' was clicked.
2018-11-18 16:44:13,890 - FunctionLibrary - INFO - Had find the element successful by xpath via value: //*[@id='app']/div/div[3]/div/div/div[3]/div[1]/form/div[7]/div/div/div[1]/input 
2018-11-18 16:44:14,032 - FunctionLibrary - INFO - The element '  ' was clicked.
2018-11-18 16:44:14,248 - FunctionLibrary - INFO - Not found 车抵贷-先息后本-3个月-9% text.
2018-11-18 16:44:14,272 - FunctionLibrary - INFO - Had find the element successful by xpath via value: //*[@id='app']/div/div[3]/div/div/div[3]/div[1]/form/div[8]/div/div/div[1]/input 
2018-11-18 16:44:14,415 - FunctionLibrary - INFO - The element '  ' was clicked.
2018-11-18 16:44:14,732 - FunctionLibrary - INFO - The element ' 业务进件 ' was clicked.
2018-11-18 16:44:14,762 - FunctionLibrary - INFO - Had find the element successful by xpath via value: //*[@id='app']/div/div[3]/div/div/div[3]/div[1]/form/div[9]/div/div/div[1]/input 
2018-11-18 16:44:14,920 - FunctionLibrary - INFO - The element '  ' was clicked.
2018-11-18 16:44:15,235 - FunctionLibrary - INFO - The element ' 短期周转 ' was clicked.
2018-11-18 16:44:15,266 - FunctionLibrary - INFO - Had find the element successful by xpath via value: //*[@id='app']/div/div[3]/div/div/div[3]/div[1]/form/div[10]/div/div[1]/input 
2018-11-18 16:44:15,515 - FunctionLibrary - INFO - Had type ' 客户08 ' in inputBox
2018-11-18 16:44:15,546 - FunctionLibrary - INFO - Had find the element successful by xpath via value: //*[@id='app']/div/div[3]/div/div/div[3]/div[1]/form/div[11]/div/div[1]/input 
2018-11-18 16:44:16,036 - FunctionLibrary - INFO - Had type ' 330154196302024007 ' in inputBox
2018-11-18 16:44:16,073 - FunctionLibrary - INFO - Had find the element successful by xpath via value: //*[@id='app']/div/div[3]/div/div/div[3]/div[1]/form/div[12]/div/div[1]/input 
2018-11-18 16:44:16,282 - FunctionLibrary - INFO - Had type ' 杭州市拱墅区 ' in inputBox
2018-11-18 16:44:16,312 - FunctionLibrary - INFO - Had find the element successful by xpath via value: //*[@id='app']/div/div[3]/div/div/div[3]/div[1]/form/div[13]/div/div[1]/input 
2018-11-18 16:44:16,413 - FunctionLibrary - INFO - Had type ' 汉 ' in inputBox
2018-11-18 16:44:16,462 - FunctionLibrary - INFO - Had find the element successful by xpath via value: //*[@id='app']/div/div[3]/div/div/div[3]/div[1]/form/div[14]/div/div/div[1]/input 
2018-11-18 16:44:16,594 - FunctionLibrary - INFO - The element '  ' was clicked.
2018-11-18 16:44:16,927 - FunctionLibrary - INFO - The element ' 男 ' was clicked.
2018-11-18 16:44:16,958 - FunctionLibrary - INFO - Had find the element successful by xpath via value: //*[@id='app']/div/div[3]/div/div/div[3]/div[1]/form/div[15]/div/div[1]/input 
2018-11-18 16:44:17,176 - FunctionLibrary - INFO - Had type ' 1945-02-02 ' in inputBox
2018-11-18 16:44:17,201 - FunctionLibrary - INFO - Had find the element successful by xpath via value: //*[@id='app']/div/div[3]/div/div/div[3]/div[1]/form/div[17]/div/div/div/button 
2018-11-18 16:44:17,423 - FunctionLibrary - INFO - The element ' 点击上传 ' was clicked.
2018-11-18 16:44:24,520 - FunctionLibrary - INFO - Sleep for 1 seconds
2018-11-18 16:44:24,539 - FunctionLibrary - INFO - Had find the element successful by xpath via value: //*[@id='app']/div/div[3]/div/div/div[3]/div[1]/form/div[18]/div/div/div/button 
2018-11-18 16:44:24,655 - FunctionLibrary - INFO - The element ' 点击上传 ' was clicked.
2018-11-18 16:44:28,431 - FunctionLibrary - INFO - Sleep for 1 seconds
2018-11-18 16:44:28,450 - FunctionLibrary - INFO - Had find the element successful by xpath via value: //*[@id='app']/div/div[3]/div/div/div[1]/div[1]/span 
2018-11-18 16:44:28,555 - FunctionLibrary - INFO - The element ' 新增进件 ' was clicked.
2018-11-18 16:44:30,556 - FunctionLibrary - INFO - Sleep for 2 seconds
2018-11-18 16:44:30,575 - FunctionLibrary - INFO - Had find the element successful by xpath via value: //*[@id='app']/div/div[3]/div/div/div[2]/div[2]/button[2] 
2018-11-18 16:44:30,954 - FunctionLibrary - INFO - [Error]:click--//*[@id='app']/div/div[3]/div/div/div[2]/div[2]/button[2]
