2018-12-25 09:49:49,362 - BrowserEngine - INFO - Starting Chrome browser.
2018-12-25 09:49:54,144 - BrowserEngine - INFO - Open url: http://asset-daily.ycd360.cn
2018-12-25 09:49:55,289 - BrowserEngine - INFO - Maximize the current window.
2018-12-25 09:49:55,290 - BrowserEngine - INFO - Set implicitly wait 10 seconds.
2018-12-25 09:49:55,653 - FunctionLibrary - INFO - Had find the element successful by xpath via value: //*[@id='app']/div/div/form/div[1]/div/div/input 
2018-12-25 09:49:55,750 - FunctionLibrary - INFO - Had type ' 18519030808 ' in inputBox
2018-12-25 09:49:55,763 - FunctionLibrary - INFO - Had find the element successful by xpath via value: //*[@id='app']/div/div/form/div[2]/div/div/input 
2018-12-25 09:49:55,826 - FunctionLibrary - INFO - Had type ' asdf1234 ' in inputBox
2018-12-25 09:49:55,838 - FunctionLibrary - INFO - Had find the element successful by xpath via value: //*[@id='app']/div/div/form/div[3]/button 
2018-12-25 09:49:55,930 - FunctionLibrary - INFO - The element ' 登 录 ' was clicked.
2018-12-25 09:50:00,931 - FunctionLibrary - INFO - Sleep for 5 seconds
2018-12-25 09:50:01,291 - FunctionLibrary - INFO - Had find the element successful by xpath via value: //*[@id='app']/div/div[1]/div[3]/div[3]/div/span 
2018-12-25 09:50:01,356 - FunctionLibrary - INFO - The element ' 管理员 ' was clicked.
2018-12-25 09:50:01,441 - FunctionLibrary - INFO - Not found 营业部 text.
2018-12-25 09:50:04,441 - FunctionLibrary - INFO - Sleep for 3 seconds
2018-12-25 09:50:04,490 - FunctionLibrary - INFO - Had find the element successful by xpath via value: //*[@id='app']/div/div[2]/ul/li[5] 
2018-12-25 09:50:04,568 - FunctionLibrary - INFO - The element ' 资产公司管理 ' was clicked.
2018-12-25 09:50:14,606 - FunctionLibrary - INFO - [Error]:find_element--xpath--//*[@id='app']/div/div[3]/div/div/div[3]/div[1]/form/div[1]/div/div/div/div/div[1]/input
2018-12-25 09:50:14,606 - FunctionLibrary - INFO - [Error]:click--xpath--//*[@id='app']/div/div[3]/div/div/div[3]/div[1]/form/div[1]/div/div/div/div/div[1]/input
2018-12-25 09:50:24,946 - testServer - INFO - You had select 4723 port.
2018-12-25 09:50:24,946 - testServer - INFO - The test server deviceName is: 127.0.0.1:62001
2018-12-25 09:50:24,946 - testServer - INFO - The test server platformName is: Android
2018-12-25 09:50:24,946 - testServer - INFO - The test server url is: 127.0.0.1
2018-12-25 09:50:24,946 - testServer - INFO - The APP Type appPackage is: com.ygjr.ycd.debug
2018-12-25 09:50:24,946 - testServer - INFO - The APP Type appActivity is: com.ygjr.ycd.activity.StartPageAct
2018-12-25 09:50:24,947 - testServer - INFO - -----------------webdriver建立完成-----------------
2018-12-25 09:50:24,952 - test_case - INFO - ------CJJL_001开始执行------
2018-12-25 09:50:34,727 - function - INFO - The function ClickByName By name is: 我的
2018-12-25 09:50:36,210 - function - INFO - ID为com.ygjr.ycd.debug:id/dialog_iv_close的对象不存在！
2018-12-25 09:50:46,159 - function - INFO - The function SendKeysByID By element_id: com.ygjr.ycd.debug:id/login_et_name input: 18519030808
2018-12-25 09:50:54,920 - function - INFO - The function SendKeysByID By element_id: com.ygjr.ycd.debug:id/login_et_pwd input: asdf1234
2018-12-25 09:50:56,082 - function - INFO - The function ClickByName By name is: 登录
