2018-11-18 16:47:17,985 - BrowserEngine - INFO - Starting Chrome browser.
2018-11-18 16:47:46,666 - BrowserEngine - INFO - Open url: http://asset-daily.ycd360.cn
2018-11-18 16:47:47,816 - BrowserEngine - INFO - Maximize the current window.
2018-11-18 16:47:47,846 - BrowserEngine - INFO - Set implicitly wait 10 seconds.
2018-11-18 16:47:48,439 - FunctionLibrary - INFO - Had find the element successful by xpath via value: //*[@id='app']/div/div/form/div[1]/div/div/input 
2018-11-18 16:47:48,607 - FunctionLibrary - INFO - Had type ' 18519030808 ' in inputBox
2018-11-18 16:47:48,635 - FunctionLibrary - INFO - Had find the element successful by xpath via value: //*[@id='app']/div/div/form/div[2]/div/div/input 
2018-11-18 16:47:48,755 - FunctionLibrary - INFO - Had type ' asdf1234 ' in inputBox
2018-11-18 16:47:48,781 - FunctionLibrary - INFO - Had find the element successful by xpath via value: //*[@id='app']/div/div/form/div[3]/button 
2018-11-18 16:47:48,977 - FunctionLibrary - INFO - The element ' 登 录 ' was clicked.
2018-11-18 16:47:53,997 - FunctionLibrary - INFO - Sleep for 5 seconds
2018-11-18 16:47:54,319 - FunctionLibrary - INFO - Had find the element successful by xpath via value: //*[@id='app']/div/div[1]/div[3]/div[3]/div/span 
2018-11-18 16:47:54,426 - FunctionLibrary - INFO - The element ' 管理员 ' was clicked.
2018-11-18 16:47:54,602 - FunctionLibrary - INFO - The element ' 营业部 ' was clicked.
2018-11-18 16:47:57,620 - FunctionLibrary - INFO - Sleep for 3 seconds
2018-11-18 16:47:57,638 - FunctionLibrary - INFO - Had find the element successful by xpath via value: //*[@id='app']/div/div[2]/ul/li[5] 
2018-11-18 16:47:57,729 - FunctionLibrary - INFO - The element ' 新增进件 ' was clicked.
2018-11-18 16:47:57,859 - FunctionLibrary - INFO - Had find the element successful by xpath via value: //*[@id='app']/div/div[3]/div/div/div[3]/div[1]/form/div[1]/div/div/div/div/div[1]/input 
2018-11-18 16:47:58,040 - FunctionLibrary - INFO - The element '  ' was clicked.
2018-11-18 16:47:58,210 - FunctionLibrary - INFO - The element ' 联合信用贷 ' was clicked.
2018-11-18 16:48:00,210 - FunctionLibrary - INFO - Sleep for 2 seconds
2018-11-18 16:48:00,229 - FunctionLibrary - INFO - Had find the element successful by xpath via value: //*[@id='app']/div/div[3]/div/div/div[3]/div[1]/form/div[2]/div/div[1]/input 
2018-11-18 16:48:00,714 - FunctionLibrary - INFO - Had type ' 19906618517 ' in inputBox
2018-11-18 16:48:00,738 - FunctionLibrary - INFO - Had find the element successful by xpath via value: //*[@id='app']/div/div[3]/div/div/div[3]/div[1]/form/div[3]/div/div/input 
2018-11-18 16:48:00,982 - FunctionLibrary - INFO - Had type ' 10008 ' in inputBox
2018-11-18 16:48:01,014 - FunctionLibrary - INFO - Had find the element successful by xpath via value: //*[@id='app']/div/div[3]/div/div/div[3]/div[1]/form/div[4]/div/div/div[1]/input 
2018-11-18 16:48:01,162 - FunctionLibrary - INFO - The element '  ' was clicked.
2018-11-18 16:48:01,683 - FunctionLibrary - INFO - The element ' 月 ' was clicked.
2018-11-18 16:48:01,751 - FunctionLibrary - INFO - Had find the element successful by xpath via value: //*[@id='app']/div/div[3]/div/div/div[3]/div[1]/form/div[5]/div/div/div[1]/input 
2018-11-18 16:48:01,900 - FunctionLibrary - INFO - The element '  ' was clicked.
2018-11-18 16:48:02,237 - FunctionLibrary - INFO - The element ' 先息后本 ' was clicked.
2018-11-18 16:48:04,238 - FunctionLibrary - INFO - Sleep for 2 seconds
2018-11-18 16:48:04,257 - FunctionLibrary - INFO - Had find the element successful by xpath via value: //*[@id='app']/div/div[3]/div/div/div[3]/div[1]/form/div[6]/div/div/div[1]/input 
2018-11-18 16:48:04,382 - FunctionLibrary - INFO - The element '  ' was clicked.
2018-11-18 16:48:04,686 - FunctionLibrary - INFO - The element ' 3个月 ' was clicked.
2018-11-18 16:48:04,763 - FunctionLibrary - INFO - Had find the element successful by xpath via value: //*[@id='app']/div/div[3]/div/div/div[3]/div[1]/form/div[7]/div/div/div[1]/input 
2018-11-18 16:48:04,936 - FunctionLibrary - INFO - The element '  ' was clicked.
2018-11-18 16:48:05,149 - FunctionLibrary - INFO - Not found 车抵贷-先息后本-3个月-9% text.
2018-11-18 16:48:05,171 - FunctionLibrary - INFO - Had find the element successful by xpath via value: //*[@id='app']/div/div[3]/div/div/div[3]/div[1]/form/div[8]/div/div/div[1]/input 
2018-11-18 16:48:05,319 - FunctionLibrary - INFO - The element '  ' was clicked.
2018-11-18 16:48:05,636 - FunctionLibrary - INFO - The element ' 业务进件 ' was clicked.
2018-11-18 16:48:05,668 - FunctionLibrary - INFO - Had find the element successful by xpath via value: //*[@id='app']/div/div[3]/div/div/div[3]/div[1]/form/div[9]/div/div/div[1]/input 
2018-11-18 16:48:05,812 - FunctionLibrary - INFO - The element '  ' was clicked.
2018-11-18 16:48:06,120 - FunctionLibrary - INFO - The element ' 短期周转 ' was clicked.
2018-11-18 16:48:06,162 - FunctionLibrary - INFO - Had find the element successful by xpath via value: //*[@id='app']/div/div[3]/div/div/div[3]/div[1]/form/div[10]/div/div[1]/input 
2018-11-18 16:48:06,347 - FunctionLibrary - INFO - Had type ' 客户08 ' in inputBox
2018-11-18 16:48:06,433 - FunctionLibrary - INFO - Had find the element successful by xpath via value: //*[@id='app']/div/div[3]/div/div/div[3]/div[1]/form/div[11]/div/div[1]/input 
2018-11-18 16:48:06,931 - FunctionLibrary - INFO - Had type ' 330154196302024007 ' in inputBox
2018-11-18 16:48:06,966 - FunctionLibrary - INFO - Had find the element successful by xpath via value: //*[@id='app']/div/div[3]/div/div/div[3]/div[1]/form/div[12]/div/div[1]/input 
2018-11-18 16:48:07,221 - FunctionLibrary - INFO - Had type ' 杭州市拱墅区 ' in inputBox
2018-11-18 16:48:07,252 - FunctionLibrary - INFO - Had find the element successful by xpath via value: //*[@id='app']/div/div[3]/div/div/div[3]/div[1]/form/div[13]/div/div[1]/input 
2018-11-18 16:48:07,338 - FunctionLibrary - INFO - Had type ' 汉 ' in inputBox
2018-11-18 16:48:07,375 - FunctionLibrary - INFO - Had find the element successful by xpath via value: //*[@id='app']/div/div[3]/div/div/div[3]/div[1]/form/div[14]/div/div/div[1]/input 
2018-11-18 16:48:07,540 - FunctionLibrary - INFO - The element '  ' was clicked.
2018-11-18 16:48:07,868 - FunctionLibrary - INFO - The element ' 男 ' was clicked.
2018-11-18 16:48:07,903 - FunctionLibrary - INFO - Had find the element successful by xpath via value: //*[@id='app']/div/div[3]/div/div/div[3]/div[1]/form/div[15]/div/div[1]/input 
2018-11-18 16:48:08,160 - FunctionLibrary - INFO - Had type ' 1945-02-02 ' in inputBox
2018-11-18 16:48:08,188 - FunctionLibrary - INFO - Had find the element successful by xpath via value: //*[@id='app']/div/div[3]/div/div/div[3]/div[1]/form/div[17]/div/div/div/button 
2018-11-18 16:48:08,381 - FunctionLibrary - INFO - The element ' 点击上传 ' was clicked.
2018-11-18 16:48:14,970 - FunctionLibrary - INFO - Sleep for 1 seconds
2018-11-18 16:48:14,991 - FunctionLibrary - INFO - Had find the element successful by xpath via value: //*[@id='app']/div/div[3]/div/div/div[3]/div[1]/form/div[18]/div/div/div/button 
2018-11-18 16:48:15,104 - FunctionLibrary - INFO - The element ' 点击上传 ' was clicked.
2018-11-18 16:48:18,951 - FunctionLibrary - INFO - Sleep for 1 seconds
2018-11-18 16:48:18,971 - FunctionLibrary - INFO - Had find the element successful by xpath via value: //*[@id='app']/div/div[3]/div/div/div[1]/div[1]/span 
2018-11-18 16:48:19,066 - FunctionLibrary - INFO - The element ' 新增进件 ' was clicked.
2018-11-18 16:48:21,067 - FunctionLibrary - INFO - Sleep for 2 seconds
2018-11-18 16:48:21,088 - FunctionLibrary - INFO - Had find the element successful by xpath via value: //*[@id='app']/div/div[3]/div/div/div[2]/div[2]/button[2] 
2018-11-18 16:48:21,462 - FunctionLibrary - INFO - [Error]:click--//*[@id='app']/div/div[3]/div/div/div[2]/div[2]/button[2]
