2018-11-18 16:30:01,121 - BrowserEngine - INFO - Starting Chrome browser.
2018-11-18 16:30:28,095 - BrowserEngine - INFO - Open url: http://asset-daily.ycd360.cn
2018-11-18 16:30:29,245 - BrowserEngine - INFO - Maximize the current window.
2018-11-18 16:30:29,247 - BrowserEngine - INFO - Set implicitly wait 10 seconds.
2018-11-18 16:30:29,643 - FunctionLibrary - INFO - Had find the element successful by xpath via value: //*[@id='app']/div/div/form/div[1]/div/div/input 
2018-11-18 16:30:29,791 - FunctionLibrary - INFO - Had type ' 18519030808 ' in inputBox
2018-11-18 16:30:29,814 - FunctionLibrary - INFO - Had find the element successful by xpath via value: //*[@id='app']/div/div/form/div[2]/div/div/input 
2018-11-18 16:30:29,949 - FunctionLibrary - INFO - Had type ' asdf1234 ' in inputBox
2018-11-18 16:30:29,975 - FunctionLibrary - INFO - Had find the element successful by xpath via value: //*[@id='app']/div/div/form/div[3]/button 
2018-11-18 16:30:30,102 - FunctionLibrary - INFO - The element ' 登 录 ' was clicked.
2018-11-18 16:30:35,103 - FunctionLibrary - INFO - Sleep for 5 seconds
2018-11-18 16:30:35,430 - FunctionLibrary - INFO - Had find the element successful by xpath via value: //*[@id='app']/div/div[1]/div[3]/div[3]/div/span 
2018-11-18 16:30:35,537 - FunctionLibrary - INFO - The element ' 管理员 ' was clicked.
2018-11-18 16:30:35,715 - FunctionLibrary - INFO - The element ' 营业部 ' was clicked.
2018-11-18 16:30:38,716 - FunctionLibrary - INFO - Sleep for 3 seconds
2018-11-18 16:30:38,734 - FunctionLibrary - INFO - Had find the element successful by xpath via value: //*[@id='app']/div/div[2]/ul/li[5] 
2018-11-18 16:30:38,825 - FunctionLibrary - INFO - The element ' 新增进件 ' was clicked.
2018-11-18 16:30:38,989 - FunctionLibrary - INFO - Had find the element successful by xpath via value: //*[@id='app']/div/div[3]/div/div/div[3]/div[1]/form/div[1]/div/div/div/div/div[1]/input 
2018-11-18 16:30:39,163 - FunctionLibrary - INFO - The element '  ' was clicked.
2018-11-18 16:30:39,329 - FunctionLibrary - INFO - The element ' 联合信用贷 ' was clicked.
2018-11-18 16:30:41,330 - FunctionLibrary - INFO - Sleep for 2 seconds
2018-11-18 16:30:41,348 - FunctionLibrary - INFO - Had find the element successful by xpath via value: //*[@id='app']/div/div[3]/div/div/div[3]/div[1]/form/div[2]/div/div[1]/input 
2018-11-18 16:30:41,783 - FunctionLibrary - INFO - Had type ' 19906618517 ' in inputBox
2018-11-18 16:30:41,811 - FunctionLibrary - INFO - Had find the element successful by xpath via value: //*[@id='app']/div/div[3]/div/div/div[3]/div[1]/form/div[3]/div/div/input 
2018-11-18 16:30:41,999 - FunctionLibrary - INFO - Had type ' 10008 ' in inputBox
2018-11-18 16:30:42,024 - FunctionLibrary - INFO - Had find the element successful by xpath via value: //*[@id='app']/div/div[3]/div/div/div[3]/div[1]/form/div[4]/div/div/div[1]/input 
2018-11-18 16:30:42,168 - FunctionLibrary - INFO - The element '  ' was clicked.
2018-11-18 16:30:42,549 - FunctionLibrary - INFO - The element ' 月 ' was clicked.
2018-11-18 16:30:42,608 - FunctionLibrary - INFO - Had find the element successful by xpath via value: //*[@id='app']/div/div[3]/div/div/div[3]/div[1]/form/div[5]/div/div/div[1]/input 
2018-11-18 16:30:42,760 - FunctionLibrary - INFO - The element '  ' was clicked.
2018-11-18 16:30:43,114 - FunctionLibrary - INFO - The element ' 先息后本 ' was clicked.
2018-11-18 16:30:45,115 - FunctionLibrary - INFO - Sleep for 2 seconds
2018-11-18 16:30:45,138 - FunctionLibrary - INFO - Had find the element successful by xpath via value: //*[@id='app']/div/div[3]/div/div/div[3]/div[1]/form/div[6]/div/div/div[1]/input 
2018-11-18 16:30:45,257 - FunctionLibrary - INFO - The element '  ' was clicked.
2018-11-18 16:30:45,574 - FunctionLibrary - INFO - The element ' 3个月 ' was clicked.
2018-11-18 16:30:45,660 - FunctionLibrary - INFO - Had find the element successful by xpath via value: //*[@id='app']/div/div[3]/div/div/div[3]/div[1]/form/div[7]/div/div/div[1]/input 
2018-11-18 16:30:45,814 - FunctionLibrary - INFO - The element '  ' was clicked.
2018-11-18 16:30:46,037 - FunctionLibrary - INFO - Not found 车抵贷-先息后本-3个月-9% text.
2018-11-18 16:30:46,061 - FunctionLibrary - INFO - Had find the element successful by xpath via value: //*[@id='app']/div/div[3]/div/div/div[3]/div[1]/form/div[8]/div/div/div[1]/input 
2018-11-18 16:30:46,211 - FunctionLibrary - INFO - The element '  ' was clicked.
2018-11-18 16:30:46,512 - FunctionLibrary - INFO - The element ' 业务进件 ' was clicked.
2018-11-18 16:30:46,544 - FunctionLibrary - INFO - Had find the element successful by xpath via value: //*[@id='app']/div/div[3]/div/div/div[3]/div[1]/form/div[9]/div/div/div[1]/input 
2018-11-18 16:30:46,683 - FunctionLibrary - INFO - The element '  ' was clicked.
2018-11-18 16:30:46,991 - FunctionLibrary - INFO - The element ' 短期周转 ' was clicked.
2018-11-18 16:30:47,024 - FunctionLibrary - INFO - Had find the element successful by xpath via value: //*[@id='app']/div/div[3]/div/div/div[3]/div[1]/form/div[10]/div/div[1]/input 
2018-11-18 16:30:47,206 - FunctionLibrary - INFO - Had type ' 客户08 ' in inputBox
2018-11-18 16:30:47,286 - FunctionLibrary - INFO - Had find the element successful by xpath via value: //*[@id='app']/div/div[3]/div/div/div[3]/div[1]/form/div[11]/div/div[1]/input 
2018-11-18 16:30:47,846 - FunctionLibrary - INFO - Had type ' 330154196302024007 ' in inputBox
2018-11-18 16:30:47,876 - FunctionLibrary - INFO - Had find the element successful by xpath via value: //*[@id='app']/div/div[3]/div/div/div[3]/div[1]/form/div[12]/div/div[1]/input 
2018-11-18 16:30:48,155 - FunctionLibrary - INFO - Had type ' 杭州市拱墅区 ' in inputBox
2018-11-18 16:30:48,179 - FunctionLibrary - INFO - Had find the element successful by xpath via value: //*[@id='app']/div/div[3]/div/div/div[3]/div[1]/form/div[13]/div/div[1]/input 
2018-11-18 16:30:48,255 - FunctionLibrary - INFO - Had type ' 汉 ' in inputBox
2018-11-18 16:30:48,294 - FunctionLibrary - INFO - Had find the element successful by xpath via value: //*[@id='app']/div/div[3]/div/div/div[3]/div[1]/form/div[14]/div/div/div[1]/input 
2018-11-18 16:30:48,431 - FunctionLibrary - INFO - The element '  ' was clicked.
2018-11-18 16:30:48,760 - FunctionLibrary - INFO - The element ' 男 ' was clicked.
2018-11-18 16:30:48,785 - FunctionLibrary - INFO - Had find the element successful by xpath via value: //*[@id='app']/div/div[3]/div/div/div[3]/div[1]/form/div[15]/div/div[1]/input 
2018-11-18 16:30:49,028 - FunctionLibrary - INFO - Had type ' 1945-02-02 ' in inputBox
2018-11-18 16:30:49,055 - FunctionLibrary - INFO - Had find the element successful by xpath via value: //*[@id='app']/div/div[3]/div/div/div[3]/div[1]/form/div[17]/div/div/div/button 
2018-11-18 16:30:49,241 - FunctionLibrary - INFO - The element ' 点击上传 ' was clicked.
2018-11-18 16:30:55,599 - FunctionLibrary - INFO - Sleep for 1 seconds
2018-11-18 16:30:55,638 - FunctionLibrary - INFO - Had find the element successful by xpath via value: //*[@id='app']/div/div[3]/div/div/div[3]/div[1]/form/div[18]/div/div/div/button 
2018-11-18 16:30:55,764 - FunctionLibrary - INFO - The element ' 点击上传 ' was clicked.
2018-11-18 16:30:59,553 - FunctionLibrary - INFO - Sleep for 1 seconds
2018-11-18 16:30:59,571 - FunctionLibrary - INFO - Had find the element successful by xpath via value: //*[@id='app']/div/div[3]/div/div/div[1]/div[1]/span 
2018-11-18 16:30:59,674 - FunctionLibrary - INFO - The element ' 新增进件 ' was clicked.
2018-11-18 16:31:01,675 - FunctionLibrary - INFO - Sleep for 2 seconds
2018-11-18 16:31:01,693 - FunctionLibrary - INFO - Had find the element successful by xpath via value: //*[@id='app']/div/div[3]/div/div/div[2]/div[2]/button[2] 
2018-11-18 16:31:02,074 - FunctionLibrary - INFO - [Error]:click--//*[@id='app']/div/div[3]/div/div/div[2]/div[2]/button[2]
