2018-11-18 21:45:35,681 - BrowserEngine - INFO - Starting Chrome browser.
2018-11-18 21:46:01,208 - BrowserEngine - INFO - Open url: http://asset-daily.ycd360.cn
2018-11-18 21:46:02,483 - BrowserEngine - INFO - Maximize the current window.
2018-11-18 21:46:02,486 - BrowserEngine - INFO - Set implicitly wait 10 seconds.
2018-11-18 21:46:03,155 - FunctionLibrary - INFO - Had find the element successful by xpath via value: //*[@id='app']/div/div/form/div[1]/div/div/input 
2018-11-18 21:46:03,438 - FunctionLibrary - INFO - Had type ' 18519030808 ' in inputBox
2018-11-18 21:46:03,463 - FunctionLibrary - INFO - Had find the element successful by xpath via value: //*[@id='app']/div/div/form/div[2]/div/div/input 
2018-11-18 21:46:03,572 - FunctionLibrary - INFO - Had type ' asdf1234 ' in inputBox
2018-11-18 21:46:03,596 - FunctionLibrary - INFO - Had find the element successful by xpath via value: //*[@id='app']/div/div/form/div[3]/button 
2018-11-18 21:46:03,814 - FunctionLibrary - INFO - The element ' 登 录 ' was clicked.
2018-11-18 21:46:08,823 - FunctionLibrary - INFO - Sleep for 5 seconds
2018-11-18 21:46:09,135 - FunctionLibrary - INFO - Had find the element successful by xpath via value: //*[@id='app']/div/div[1]/div[3]/div[3]/div/span 
2018-11-18 21:46:09,385 - FunctionLibrary - INFO - The element ' 管理员 ' was clicked.
2018-11-18 21:46:09,567 - FunctionLibrary - INFO - The element ' 营业部 ' was clicked.
2018-11-18 21:46:12,589 - FunctionLibrary - INFO - Sleep for 3 seconds
2018-11-18 21:46:12,608 - FunctionLibrary - INFO - Had find the element successful by xpath via value: //*[@id='app']/div/div[2]/ul/li[5] 
2018-11-18 21:46:12,694 - FunctionLibrary - INFO - The element ' 新增进件 ' was clicked.
2018-11-18 21:46:12,921 - FunctionLibrary - INFO - Had find the element successful by xpath via value: //*[@id='app']/div/div[3]/div/div/div[3]/div[1]/form/div[1]/div/div/div/div/div[1]/input 
2018-11-18 21:46:13,128 - FunctionLibrary - INFO - The element '  ' was clicked.
2018-11-18 21:46:13,304 - FunctionLibrary - INFO - The element ' 联合信用贷 ' was clicked.
2018-11-18 21:46:15,304 - FunctionLibrary - INFO - Sleep for 2 seconds
2018-11-18 21:46:15,323 - FunctionLibrary - INFO - Had find the element successful by xpath via value: //*[@id='app']/div/div[3]/div/div/div[3]/div[1]/form/div[2]/div/div[1]/input 
2018-11-18 21:46:15,906 - FunctionLibrary - INFO - Had type ' 19906618517 ' in inputBox
2018-11-18 21:46:15,943 - FunctionLibrary - INFO - Had find the element successful by xpath via value: //*[@id='app']/div/div[3]/div/div/div[3]/div[1]/form/div[3]/div/div/input 
2018-11-18 21:46:16,197 - FunctionLibrary - INFO - Had type ' 10008 ' in inputBox
2018-11-18 21:46:16,226 - FunctionLibrary - INFO - Had find the element successful by xpath via value: //*[@id='app']/div/div[3]/div/div/div[3]/div[1]/form/div[4]/div/div/div[1]/input 
2018-11-18 21:46:16,501 - FunctionLibrary - INFO - The element '  ' was clicked.
2018-11-18 21:46:16,964 - FunctionLibrary - INFO - The element ' 月 ' was clicked.
2018-11-18 21:46:17,047 - FunctionLibrary - INFO - Had find the element successful by xpath via value: //*[@id='app']/div/div[3]/div/div/div[3]/div[1]/form/div[5]/div/div/div[1]/input 
2018-11-18 21:46:17,204 - FunctionLibrary - INFO - The element '  ' was clicked.
2018-11-18 21:46:17,746 - FunctionLibrary - INFO - The element ' 先息后本 ' was clicked.
2018-11-18 21:46:19,747 - FunctionLibrary - INFO - Sleep for 2 seconds
2018-11-18 21:46:19,765 - FunctionLibrary - INFO - Had find the element successful by xpath via value: //*[@id='app']/div/div[3]/div/div/div[3]/div[1]/form/div[6]/div/div/div[1]/input 
2018-11-18 21:46:19,884 - FunctionLibrary - INFO - The element '  ' was clicked.
2018-11-18 21:46:20,204 - FunctionLibrary - INFO - The element ' 3个月 ' was clicked.
2018-11-18 21:46:20,266 - FunctionLibrary - INFO - Had find the element successful by xpath via value: //*[@id='app']/div/div[3]/div/div/div[3]/div[1]/form/div[7]/div/div/div[1]/input 
2018-11-18 21:46:20,402 - FunctionLibrary - INFO - The element '  ' was clicked.
2018-11-18 21:46:20,612 - FunctionLibrary - INFO - Not found 车抵贷-先息后本-3个月-9% text.
2018-11-18 21:46:20,632 - FunctionLibrary - INFO - Had find the element successful by xpath via value: //*[@id='app']/div/div[3]/div/div/div[3]/div[1]/form/div[8]/div/div/div[1]/input 
2018-11-18 21:46:20,777 - FunctionLibrary - INFO - The element '  ' was clicked.
2018-11-18 21:46:21,101 - FunctionLibrary - INFO - The element ' 业务进件 ' was clicked.
2018-11-18 21:46:21,137 - FunctionLibrary - INFO - Had find the element successful by xpath via value: //*[@id='app']/div/div[3]/div/div/div[3]/div[1]/form/div[9]/div/div/div[1]/input 
2018-11-18 21:46:21,267 - FunctionLibrary - INFO - The element '  ' was clicked.
2018-11-18 21:46:21,569 - FunctionLibrary - INFO - The element ' 短期周转 ' was clicked.
2018-11-18 21:46:21,604 - FunctionLibrary - INFO - Had find the element successful by xpath via value: //*[@id='app']/div/div[3]/div/div/div[3]/div[1]/form/div[10]/div/div[1]/input 
2018-11-18 21:46:21,768 - FunctionLibrary - INFO - Had type ' 客户08 ' in inputBox
2018-11-18 21:46:21,880 - FunctionLibrary - INFO - Had find the element successful by xpath via value: //*[@id='app']/div/div[3]/div/div/div[3]/div[1]/form/div[11]/div/div[1]/input 
2018-11-18 21:46:22,380 - FunctionLibrary - INFO - Had type ' 330154196302024007 ' in inputBox
2018-11-18 21:46:22,410 - FunctionLibrary - INFO - Had find the element successful by xpath via value: //*[@id='app']/div/div[3]/div/div/div[3]/div[1]/form/div[12]/div/div[1]/input 
2018-11-18 21:46:22,644 - FunctionLibrary - INFO - Had type ' 杭州市拱墅区 ' in inputBox
2018-11-18 21:46:22,667 - FunctionLibrary - INFO - Had find the element successful by xpath via value: //*[@id='app']/div/div[3]/div/div/div[3]/div[1]/form/div[13]/div/div[1]/input 
2018-11-18 21:46:22,750 - FunctionLibrary - INFO - Had type ' 汉 ' in inputBox
2018-11-18 21:46:22,779 - FunctionLibrary - INFO - Had find the element successful by xpath via value: //*[@id='app']/div/div[3]/div/div/div[3]/div[1]/form/div[14]/div/div/div[1]/input 
2018-11-18 21:46:22,918 - FunctionLibrary - INFO - The element '  ' was clicked.
2018-11-18 21:46:23,240 - FunctionLibrary - INFO - The element ' 男 ' was clicked.
2018-11-18 21:46:23,267 - FunctionLibrary - INFO - Had find the element successful by xpath via value: //*[@id='app']/div/div[3]/div/div/div[3]/div[1]/form/div[15]/div/div[1]/input 
2018-11-18 21:46:23,486 - FunctionLibrary - INFO - Had type ' 1945-02-02 ' in inputBox
2018-11-18 21:46:23,514 - FunctionLibrary - INFO - Had find the element successful by xpath via value: //*[@id='app']/div/div[3]/div/div/div[3]/div[1]/form/div[17]/div/div/div/button 
2018-11-18 21:46:23,761 - FunctionLibrary - INFO - The element ' 点击上传 ' was clicked.
2018-11-18 21:46:32,574 - FunctionLibrary - INFO - Sleep for 1 seconds
2018-11-18 21:46:32,598 - FunctionLibrary - INFO - Had find the element successful by xpath via value: //*[@id='app']/div/div[3]/div/div/div[3]/div[1]/form/div[18]/div/div/div/button 
2018-11-18 21:46:32,696 - FunctionLibrary - INFO - The element ' 点击上传 ' was clicked.
2018-11-18 21:46:38,138 - FunctionLibrary - INFO - Sleep for 1 seconds
2018-11-18 21:46:38,159 - FunctionLibrary - INFO - Had find the element successful by xpath via value: //*[@id='app']/div/div[3]/div/div/div[1]/div[1]/span 
2018-11-18 21:46:38,258 - FunctionLibrary - INFO - The element ' 新增进件 ' was clicked.
2018-11-18 21:46:40,259 - FunctionLibrary - INFO - Sleep for 2 seconds
2018-11-18 21:46:40,282 - FunctionLibrary - INFO - Had find the element successful by xpath via value: //*[@id='app']/div/div[3]/div/div/div[2]/div[2]/button[2] 
2018-11-18 21:46:40,664 - FunctionLibrary - INFO - [Error]:click--//*[@id='app']/div/div[3]/div/div/div[2]/div[2]/button[2]
