2018-11-18 16:26:13,959 - BrowserEngine - INFO - Starting Chrome browser.
2018-11-18 16:26:17,561 - BrowserEngine - INFO - Open url: http://asset-daily.ycd360.cn
2018-11-18 16:26:18,717 - BrowserEngine - INFO - Maximize the current window.
2018-11-18 16:26:18,720 - BrowserEngine - INFO - Set implicitly wait 10 seconds.
2018-11-18 16:26:19,090 - FunctionLibrary - INFO - Had find the element successful by xpath via value: //*[@id='app']/div/div/form/div[1]/div/div/input 
2018-11-18 16:26:19,238 - FunctionLibrary - INFO - Had type ' 18519030808 ' in inputBox
2018-11-18 16:26:19,261 - FunctionLibrary - INFO - Had find the element successful by xpath via value: //*[@id='app']/div/div/form/div[2]/div/div/input 
2018-11-18 16:26:19,390 - FunctionLibrary - INFO - Had type ' asdf1234 ' in inputBox
2018-11-18 16:26:19,414 - FunctionLibrary - INFO - Had find the element successful by xpath via value: //*[@id='app']/div/div/form/div[3]/button 
2018-11-18 16:26:19,550 - FunctionLibrary - INFO - The element ' 登 录 ' was clicked.
2018-11-18 16:26:24,551 - FunctionLibrary - INFO - Sleep for 5 seconds
2018-11-18 16:26:24,875 - FunctionLibrary - INFO - Had find the element successful by xpath via value: //*[@id='app']/div/div[1]/div[3]/div[3]/div/span 
2018-11-18 16:26:24,978 - FunctionLibrary - INFO - The element ' 管理员 ' was clicked.
2018-11-18 16:26:25,166 - FunctionLibrary - INFO - The element ' 营业部 ' was clicked.
2018-11-18 16:26:28,166 - FunctionLibrary - INFO - Sleep for 3 seconds
2018-11-18 16:26:28,188 - FunctionLibrary - INFO - Had find the element successful by xpath via value: //*[@id='app']/div/div[2]/ul/li[5] 
2018-11-18 16:26:28,287 - FunctionLibrary - INFO - The element ' 新增进件 ' was clicked.
2018-11-18 16:26:28,414 - FunctionLibrary - INFO - Had find the element successful by xpath via value: //*[@id='app']/div/div[3]/div/div/div[3]/div[1]/form/div[1]/div/div/div/div/div[1]/input 
2018-11-18 16:26:28,608 - FunctionLibrary - INFO - The element '  ' was clicked.
2018-11-18 16:26:28,774 - FunctionLibrary - INFO - The element ' 联合信用贷 ' was clicked.
2018-11-18 16:26:30,774 - FunctionLibrary - INFO - Sleep for 2 seconds
2018-11-18 16:26:30,801 - FunctionLibrary - INFO - Had find the element successful by xpath via value: //*[@id='app']/div/div[3]/div/div/div[3]/div[1]/form/div[2]/div/div[1]/input 
2018-11-18 16:26:31,253 - FunctionLibrary - INFO - Had type ' 19906618517 ' in inputBox
2018-11-18 16:26:31,293 - FunctionLibrary - INFO - Had find the element successful by xpath via value: //*[@id='app']/div/div[3]/div/div/div[3]/div[1]/form/div[3]/div/div/input 
2018-11-18 16:26:31,491 - FunctionLibrary - INFO - Had type ' 10008 ' in inputBox
2018-11-18 16:26:31,511 - FunctionLibrary - INFO - Had find the element successful by xpath via value: //*[@id='app']/div/div[3]/div/div/div[3]/div[1]/form/div[4]/div/div/div[1]/input 
2018-11-18 16:26:31,659 - FunctionLibrary - INFO - The element '  ' was clicked.
2018-11-18 16:26:32,075 - FunctionLibrary - INFO - The element ' 月 ' was clicked.
2018-11-18 16:26:32,123 - FunctionLibrary - INFO - Had find the element successful by xpath via value: //*[@id='app']/div/div[3]/div/div/div[3]/div[1]/form/div[5]/div/div/div[1]/input 
2018-11-18 16:26:32,277 - FunctionLibrary - INFO - The element '  ' was clicked.
2018-11-18 16:26:32,623 - FunctionLibrary - INFO - The element ' 先息后本 ' was clicked.
2018-11-18 16:26:34,624 - FunctionLibrary - INFO - Sleep for 2 seconds
2018-11-18 16:26:34,642 - FunctionLibrary - INFO - Had find the element successful by xpath via value: //*[@id='app']/div/div[3]/div/div/div[3]/div[1]/form/div[6]/div/div/div[1]/input 
2018-11-18 16:26:34,756 - FunctionLibrary - INFO - The element '  ' was clicked.
2018-11-18 16:26:35,085 - FunctionLibrary - INFO - The element ' 3个月 ' was clicked.
2018-11-18 16:26:35,157 - FunctionLibrary - INFO - Had find the element successful by xpath via value: //*[@id='app']/div/div[3]/div/div/div[3]/div[1]/form/div[7]/div/div/div[1]/input 
2018-11-18 16:26:35,313 - FunctionLibrary - INFO - The element '  ' was clicked.
2018-11-18 16:26:35,537 - FunctionLibrary - INFO - Not found 车抵贷-先息后本-3个月-9% text.
2018-11-18 16:26:35,561 - FunctionLibrary - INFO - Had find the element successful by xpath via value: //*[@id='app']/div/div[3]/div/div/div[3]/div[1]/form/div[8]/div/div/div[1]/input 
2018-11-18 16:26:35,701 - FunctionLibrary - INFO - The element '  ' was clicked.
2018-11-18 16:26:36,014 - FunctionLibrary - INFO - The element ' 业务进件 ' was clicked.
2018-11-18 16:26:36,047 - FunctionLibrary - INFO - Had find the element successful by xpath via value: //*[@id='app']/div/div[3]/div/div/div[3]/div[1]/form/div[9]/div/div/div[1]/input 
2018-11-18 16:26:36,175 - FunctionLibrary - INFO - The element '  ' was clicked.
2018-11-18 16:26:36,495 - FunctionLibrary - INFO - The element ' 短期周转 ' was clicked.
2018-11-18 16:26:36,527 - FunctionLibrary - INFO - Had find the element successful by xpath via value: //*[@id='app']/div/div[3]/div/div/div[3]/div[1]/form/div[10]/div/div[1]/input 
2018-11-18 16:26:36,744 - FunctionLibrary - INFO - Had type ' 客户08 ' in inputBox
2018-11-18 16:26:36,771 - FunctionLibrary - INFO - Had find the element successful by xpath via value: //*[@id='app']/div/div[3]/div/div/div[3]/div[1]/form/div[11]/div/div[1]/input 
2018-11-18 16:26:37,266 - FunctionLibrary - INFO - Had type ' 330154196302024007 ' in inputBox
2018-11-18 16:26:37,299 - FunctionLibrary - INFO - Had find the element successful by xpath via value: //*[@id='app']/div/div[3]/div/div/div[3]/div[1]/form/div[12]/div/div[1]/input 
2018-11-18 16:26:37,549 - FunctionLibrary - INFO - Had type ' 杭州市拱墅区 ' in inputBox
2018-11-18 16:26:37,576 - FunctionLibrary - INFO - Had find the element successful by xpath via value: //*[@id='app']/div/div[3]/div/div/div[3]/div[1]/form/div[13]/div/div[1]/input 
2018-11-18 16:26:37,664 - FunctionLibrary - INFO - Had type ' 汉 ' in inputBox
2018-11-18 16:26:37,692 - FunctionLibrary - INFO - Had find the element successful by xpath via value: //*[@id='app']/div/div[3]/div/div/div[3]/div[1]/form/div[14]/div/div/div[1]/input 
2018-11-18 16:26:37,825 - FunctionLibrary - INFO - The element '  ' was clicked.
2018-11-18 16:26:38,150 - FunctionLibrary - INFO - The element ' 男 ' was clicked.
2018-11-18 16:26:38,176 - FunctionLibrary - INFO - Had find the element successful by xpath via value: //*[@id='app']/div/div[3]/div/div/div[3]/div[1]/form/div[15]/div/div[1]/input 
2018-11-18 16:26:38,375 - FunctionLibrary - INFO - Had type ' 1945-02-02 ' in inputBox
2018-11-18 16:26:38,405 - FunctionLibrary - INFO - Had find the element successful by xpath via value: //*[@id='app']/div/div[3]/div/div/div[3]/div[1]/form/div[17]/div/div/div/button 
2018-11-18 16:26:38,577 - FunctionLibrary - INFO - The element ' 点击上传 ' was clicked.
2018-11-18 16:26:46,231 - FunctionLibrary - INFO - Sleep for 1 seconds
2018-11-18 16:26:46,252 - FunctionLibrary - INFO - Had find the element successful by xpath via value: //*[@id='app']/div/div[3]/div/div/div[3]/div[1]/form/div[18]/div/div/div/button 
2018-11-18 16:26:46,357 - FunctionLibrary - INFO - The element ' 点击上传 ' was clicked.
2018-11-18 16:26:50,175 - FunctionLibrary - INFO - Sleep for 1 seconds
2018-11-18 16:26:50,197 - FunctionLibrary - INFO - Had find the element successful by xpath via value: //*[@id='app']/div/div[3]/div/div/div[1]/div[1]/span 
2018-11-18 16:26:50,314 - FunctionLibrary - INFO - The element ' 新增进件 ' was clicked.
2018-11-18 16:26:52,314 - FunctionLibrary - INFO - Sleep for 2 seconds
2018-11-18 16:26:52,333 - FunctionLibrary - INFO - Had find the element successful by xpath via value: //*[@id='app']/div/div[3]/div/div/div[2]/div[2]/button[2] 
2018-11-18 16:26:52,714 - FunctionLibrary - INFO - [Error]:click--//*[@id='app']/div/div[3]/div/div/div[2]/div[2]/button[2]
